#
# There is insufficient memory for the Java Runtime Environment to continue.
# Native memory allocation (malloc) failed to allocate 1048576 bytes for AllocateHeap
# Possible reasons:
#   The system is out of physical RAM or swap space
#   In 32 bit mode, the process size limit was hit
# Possible solutions:
#   Reduce memory load on the system
#   Increase physical memory or swap space
#   Check if swap backing store is full
#   Use 64 bit Java on a 64 bit OS
#   Decrease Java heap size (-Xmx/-Xms)
#   Decrease number of Java threads
#   Decrease Java thread stack sizes (-Xss)
#   Set larger code cache with -XX:ReservedCodeCacheSize=
# This output file may be truncated or incomplete.
#
#  Out of Memory Error (memory/allocation.inline.hpp:61), pid=24720, tid=25120
#
# JRE version:  (8.0_60-b27) (build )
# Java VM: Java HotSpot(TM) 64-Bit Server VM (25.60-b23 mixed mode windows-amd64 compressed oops)
# Failed to write core dump. Minidumps are not enabled by default on client versions of Windows
#

---------------  T H R E A D  ---------------

Current thread (0x0000000002000800):  JavaThread "Unknown thread" [_thread_in_vm, id=25120, stack(0x0000000001eb0000,0x0000000001fb0000)]

Stack: [0x0000000001eb0000,0x0000000001fb0000]
[error occurred during error reporting (printing stack bounds), id 0xc0000005]

Native frames: (J=compiled Java code, j=interpreted, Vv=VM code, C=native code)


---------------  P R O C E S S  ---------------

Java Threads: ( => current thread )

Other Threads:

=>0x0000000002000800 (exited) JavaThread "Unknown thread" [_thread_in_vm, id=25120, stack(0x0000000001eb0000,0x0000000001fb0000)]

VM state:not at safepoint (normal execution)

VM Mutex/Monitor currently owned by a thread: None

Heap:
 PSYoungGen      total 38400K, used 665K [0x00000000d5d80000, 0x00000000d8800000, 0x0000000100000000)
  eden space 33280K, 2% used [0x00000000d5d80000,0x00000000d5e26670,0x00000000d7e00000)
  from space 5120K, 0% used [0x00000000d8300000,0x00000000d8300000,0x00000000d8800000)
  to   space 5120K, 0% used [0x00000000d7e00000,0x00000000d7e00000,0x00000000d8300000)
 ParOldGen       total 87552K, used 0K [0x0000000081800000, 0x0000000086d80000, 0x00000000d5d80000)
  object space 87552K, 0% used [0x0000000081800000,0x0000000081800000,0x0000000086d80000)
 Metaspace       used 767K, capacity 4480K, committed 4480K, reserved 1056768K
  class space    used 75K, capacity 384K, committed 384K, reserved 1048576K

Card table byte_map: [0x00000000114c0000,0x00000000118c0000] byte_map_base: 0x00000000110b4000

Marking Bits: (ParMarkBitMap*) 0x000000006116a5b0
 Begin Bits: [0x0000000011f70000, 0x0000000013f10000)
 End Bits:   [0x0000000013f10000, 0x0000000015eb0000)

Polling page: 0x00000000006b0000

CodeCache: size=245760Kb used=328Kb max_used=328Kb free=245431Kb
 bounds [0x0000000002100000, 0x0000000002370000, 0x0000000011100000]
 total_blobs=57 nmethods=0 adapters=37
 compilation: enabled

Compilation events (0 events):
No events

GC Heap History (0 events):
No events

Deoptimization events (0 events):
No events

Internal exceptions (0 events):
No events

Events (10 events):
Event: 0.138 loading class java/lang/Short
Event: 0.138 loading class java/lang/Short done
Event: 0.138 loading class java/lang/Integer
Event: 0.138 loading class java/lang/Integer done
Event: 0.138 loading class java/lang/Long
Event: 0.138 loading class java/lang/Long done
Event: 0.139 loading class java/lang/NullPointerException
Event: 0.139 loading class java/lang/NullPointerException done
Event: 0.139 loading class java/lang/ArithmeticException
Event: 0.139 loading class java/lang/ArithmeticException done


Dynamic libraries:
0x00007ff7b85e0000 - 0x00007ff7b8617000 	C:\Program Files\Java\jdk1.8.0_60\bin\javaw.exe
0x00007ff8b6580000 - 0x00007ff8b672d000 	C:\Windows\SYSTEM32\ntdll.dll
0x00007ff8b5140000 - 0x00007ff8b527e000 	C:\Windows\system32\KERNEL32.DLL
0x00007ff8a1060000 - 0x00007ff8a10b4000 	C:\Program Files (x86)\AVG\Av\avghooka.dll
0x00007ff8b3a50000 - 0x00007ff8b3b65000 	C:\Windows\system32\KERNELBASE.dll
0x00007ff8b2270000 - 0x00007ff8b22fe000 	C:\Windows\system32\apphelp.dll
0x00007ff8a02d0000 - 0x00007ff8a0323000 	C:\Windows\AppPatch\AppPatch64\AcGenral.DLL
0x00007ff8b6260000 - 0x00007ff8b630a000 	C:\Windows\system32\msvcrt.dll
0x00007ff8b3b70000 - 0x00007ff8b3b9e000 	C:\Windows\system32\SspiCli.dll
0x00007ff8b6310000 - 0x00007ff8b6364000 	C:\Windows\system32\SHLWAPI.dll
0x00007ff8b5ef0000 - 0x00007ff8b6067000 	C:\Windows\system32\USER32.dll
0x00007ff8b5d40000 - 0x00007ff8b5ed4000 	C:\Windows\system32\ole32.dll
0x00007ff8b3c10000 - 0x00007ff8b5138000 	C:\Windows\system32\SHELL32.dll
0x00007ff8b2cb0000 - 0x00007ff8b2cd1000 	C:\Windows\SYSTEM32\USERENV.dll
0x00007ff8b5840000 - 0x00007ff8b58ea000 	C:\Windows\system32\ADVAPI32.dll
0x00007ff8a06d0000 - 0x00007ff8a06ee000 	C:\Windows\SYSTEM32\MPR.dll
0x00007ff8b6440000 - 0x00007ff8b6580000 	C:\Windows\system32\RPCRT4.dll
0x00007ff8b5290000 - 0x00007ff8b52e9000 	C:\Windows\SYSTEM32\sechost.dll
0x00007ff8b5490000 - 0x00007ff8b56a1000 	C:\Windows\SYSTEM32\combase.dll
0x00007ff8b5b30000 - 0x00007ff8b5c7f000 	C:\Windows\system32\GDI32.dll
0x00007ff8b36a0000 - 0x00007ff8b36b5000 	C:\Windows\SYSTEM32\profapi.dll
0x00007ff8b1c40000 - 0x00007ff8b1cf2000 	C:\Windows\SYSTEM32\SHCORE.dll
0x00007ff8b5450000 - 0x00007ff8b5486000 	C:\Windows\system32\IMM32.DLL
0x00007ff8b52f0000 - 0x00007ff8b5442000 	C:\Windows\system32\MSCTF.dll
0x00007ff8b1330000 - 0x00007ff8b15aa000 	C:\Windows\WinSxS\amd64_microsoft.windows.common-controls_6595b64144ccf1df_6.0.9600.17810_none_6240b9c7ecbd0bda\COMCTL32.dll
0x00000000606a0000 - 0x0000000060772000 	C:\Program Files\Java\jdk1.8.0_60\jre\bin\msvcr100.dll
0x0000000060960000 - 0x00000000611e9000 	C:\Program Files\Java\jdk1.8.0_60\jre\bin\server\jvm.dll
0x00007ff8ae4c0000 - 0x00007ff8ae4c9000 	C:\Windows\SYSTEM32\WSOCK32.dll
0x00007ff8aaef0000 - 0x00007ff8aaf12000 	C:\Windows\SYSTEM32\WINMM.dll
0x00007ff8a80f0000 - 0x00007ff8a80fa000 	C:\Windows\SYSTEM32\VERSION.dll
0x00007ff8b3c00000 - 0x00007ff8b3c07000 	C:\Windows\system32\PSAPI.DLL
0x00007ff8b56b0000 - 0x00007ff8b570a000 	C:\Windows\system32\WS2_32.dll
0x00007ff8aaec0000 - 0x00007ff8aaeea000 	C:\Windows\SYSTEM32\WINMMBASE.dll
0x00007ff8b5280000 - 0x00007ff8b5289000 	C:\Windows\system32\NSI.dll
0x00007ff8b3820000 - 0x00007ff8b386f000 	C:\Windows\SYSTEM32\cfgmgr32.dll
0x00007ff8b24c0000 - 0x00007ff8b24e8000 	C:\Windows\SYSTEM32\DEVOBJ.dll
0x0000000060870000 - 0x000000006087f000 	C:\Program Files\Java\jdk1.8.0_60\jre\bin\verify.dll
0x0000000060840000 - 0x0000000060869000 	C:\Program Files\Java\jdk1.8.0_60\jre\bin\java.dll
0x0000000060820000 - 0x0000000060836000 	C:\Program Files\Java\jdk1.8.0_60\jre\bin\zip.dll

VM Arguments:
jvm_args: -Dfile.encoding=Cp1252 
java_command: MatrixMultiply
java_class_path (initial): C:\Users\Clara\Documents\GitHub\ProgramacaoConcorrente_T2\ParallelMatrixMultiply\bin
Launcher Type: SUN_STANDARD

Environment Variables:
PATH=C:/Program Files/Java/jdk1.8.0_60/bin/../jre/bin/server;C:/Program Files/Java/jdk1.8.0_60/bin/../jre/bin;C:/Program Files/Java/jdk1.8.0_60/bin/../jre/lib/amd64;C:\Program Files (x86)\Intel\iCLS Client\;C:\Program Files\Intel\iCLS Client\;C:\Windows\system32;C:\Windows;C:\Windows\System32\Wbem;C:\Windows\System32\WindowsPowerShell\v1.0\;C:\Program Files\Intel\Intel(R) Management Engine Components\DAL;C:\Program Files (x86)\Intel\Intel(R) Management Engine Components\DAL;C:\Program Files\Intel\Intel(R) Management Engine Components\IPT;C:\Program Files (x86)\Intel\Intel(R) Management Engine Components\IPT;C:\Program Files\Intel\WiFi\bin\;C:\Program Files\Common Files\Intel\WirelessCommon\;C:\Program Files\MATLAB\R2016a\bin;C:\Program Files\MATLAB\R2015b\bin;C:\Program Files (x86)\Skype\Phone\;C:\Program Files\swipl\bin;C:\Program Files\Java\jdk1.8.0_60\bin;C:\Users\Clara\Anaconda3;C:\Users\Clara\Anaconda3\Scripts;C:\Users\Clara\Anaconda3\Library\bin;C:\Modeltech_pe_edu_10.4a\win32pe_edu;C:\Users\Clara\AppData\Local\Programs\MiKTeX 2.9\miktex\bin\x64\;C:\Users\Clara\Documents\Programas\eclipse-java-luna-R-win32-x86_64\eclipse;
USERNAME=Clara
OS=Windows_NT
PROCESSOR_IDENTIFIER=Intel64 Family 6 Model 61 Stepping 4, GenuineIntel



---------------  S Y S T E M  ---------------

OS: Windows 8.1 , 64 bit Build 9600 (6.3.9600.17415)

CPU:total 4 (2 cores per cpu, 2 threads per core) family 6 model 61 stepping 4, cmov, cx8, fxsr, mmx, sse, sse2, sse3, ssse3, sse4.1, sse4.2, popcnt, avx, avx2, aes, clmul, erms, 3dnowpref, lzcnt, ht, tsc, tscinvbit, bmi1, bmi2, adx

Memory: 4k page, physical 8289364k(1230404k free), swap 33455188k(6076k free)

vm_info: Java HotSpot(TM) 64-Bit Server VM (25.60-b23) for windows-amd64 JRE (1.8.0_60-b27), built on Aug  4 2015 11:06:27 by "java_re" with MS VC++ 10.0 (VS2010)

time: Sat Apr 15 07:17:09 2017
elapsed time: 0 seconds (0d 0h 0m 0s)

